[debug] [2023-07-24T06:25:17.682Z] ----------------------------------------------------------------------
[debug] [2023-07-24T06:25:17.683Z] Command:       C:\Program Files\nodejs\node.exe C:\Users\LIKITH ANCHAN\AppData\Roaming\npm\node_modules\firebase-tools\lib\bin\firebase.js deploy --project weatherconditionapp-8e4f5
[debug] [2023-07-24T06:25:17.684Z] CLI Version:   12.4.5
[debug] [2023-07-24T06:25:17.684Z] Platform:      win32
[debug] [2023-07-24T06:25:17.684Z] Node Version:  v18.16.0
[debug] [2023-07-24T06:25:17.685Z] Time:          Mon Jul 24 2023 11:55:17 GMT+0530 (India Standard Time)
[debug] [2023-07-24T06:25:17.685Z] ----------------------------------------------------------------------
[debug] 
[debug] [2023-07-24T06:25:17.759Z] > command requires scopes: ["email","openid","https://www.googleapis.com/auth/cloudplatformprojects.readonly","https://www.googleapis.com/auth/firebase","https://www.googleapis.com/auth/cloud-platform"]
[debug] [2023-07-24T06:25:17.759Z] > authorizing via signed-in user (rajlikth1998@gmail.com)
[debug] [2023-07-24T06:25:17.759Z] [iam] checking project weatherconditionapp-8e4f5 for permissions ["firebase.projects.get","firebasehosting.sites.update"]
[debug] [2023-07-24T06:25:17.761Z] >>> [apiv2][query] POST https://cloudresourcemanager.googleapis.com/v1/projects/weatherconditionapp-8e4f5:testIamPermissions [none]
[debug] [2023-07-24T06:25:17.766Z] >>> [apiv2][(partial)header] POST https://cloudresourcemanager.googleapis.com/v1/projects/weatherconditionapp-8e4f5:testIamPermissions x-goog-quota-user=projects/weatherconditionapp-8e4f5
[debug] [2023-07-24T06:25:17.767Z] >>> [apiv2][body] POST https://cloudresourcemanager.googleapis.com/v1/projects/weatherconditionapp-8e4f5:testIamPermissions {"permissions":["firebase.projects.get","firebasehosting.sites.update"]}
[debug] [2023-07-24T06:25:20.140Z] <<< [apiv2][status] POST https://cloudresourcemanager.googleapis.com/v1/projects/weatherconditionapp-8e4f5:testIamPermissions 200
[debug] [2023-07-24T06:25:20.141Z] <<< [apiv2][body] POST https://cloudresourcemanager.googleapis.com/v1/projects/weatherconditionapp-8e4f5:testIamPermissions {}
[debug] [2023-07-24T06:25:20.141Z] [iam] error while checking permissions, command may fail: FirebaseError: Authorization failed. This account is missing the following required permissions on project weatherconditionapp-8e4f5:

  firebase.projects.get
  firebasehosting.sites.update
[debug] [2023-07-24T06:25:20.142Z] >>> [apiv2][query] GET https://firebase.googleapis.com/v1beta1/projects/weatherconditionapp-8e4f5 [none]
[debug] [2023-07-24T06:25:20.945Z] <<< [apiv2][status] GET https://firebase.googleapis.com/v1beta1/projects/weatherconditionapp-8e4f5 403
[debug] [2023-07-24T06:25:20.945Z] <<< [apiv2][body] GET https://firebase.googleapis.com/v1beta1/projects/weatherconditionapp-8e4f5 {"error":{"code":403,"message":"The caller does not have permission","status":"PERMISSION_DENIED"}}
[debug] [2023-07-24T06:25:20.946Z] HTTP Error: 403, The caller does not have permission
[debug] [2023-07-24T06:25:21.223Z] FirebaseError: HTTP Error: 403, The caller does not have permission
    at responseToError (C:\Users\LIKITH ANCHAN\AppData\Roaming\npm\node_modules\firebase-tools\lib\responseToError.js:49:12)
    at RetryOperation._fn (C:\Users\LIKITH ANCHAN\AppData\Roaming\npm\node_modules\firebase-tools\lib\apiv2.js:285:77)
    at process.processTicksAndRejections (node:internal/process/task_queues:95:5)
[error] 
[error] Error: Failed to get Firebase project weatherconditionapp-8e4f5. Please make sure the project exists and your account has permission to access it.
